25 98
WEWQWQEWEWWWWEEWEQWWWEQEE
EQEEWEEQEWWQWEEEWWEQEEEWQ
WWWWQWWWWWWWEEQWWWWWWQWEW
WEWWWEQWWWQEEEEWEQWWWWEQE
WEQEEWEEQWWWWEEQWWEQWWWEW
QEWEQEEEEEEEWQWWEWEEEQWWW
WEQEEEWWWEEQWEWEQWQEWWEWQ
WEWEEWWWWQWWEEQWWEWWEEQWE
EQWQWQWEWWWQEWWWWQEEEWEEE
WEWWEWWWQWEEEWQEEWWEQWEQW
WEQWEWEWWWEEQEEEWWWEEWWWW
QEWWQWQEWWQWWWEQWWWQWWQEE
EWQWWWWEEEEEQEEEEWWEEWEEQ
WEWWEWWQWQWEWWWWWWQWQEEEW
EWQWQEEWWWEQEWWEWWWEEWWEQ
WWWEWWEWWWEEWEEEEEEQEEEWW
QWWWWWWQEWQEWWWEQEWWWWWEQ
WEEEWWWEEWWWWEEWEWEWEQEWW
QWEEWWQWWWWWWQEWEWQEEWWQE
WWQEWWEWQEWQWWWQWEEWQEWWE
WWWEWQEWEWWEWWWWWEWWWEQEE
WWQEWWWWWWWEQEWWWQWQEWWEQ
WEEEQWQWQWWEWWQWEEWEWQWEE
EWEEWEEEEEEWQWWWWWEEEWEQE
WQWQWQEEWWWWWEQWWQEWQWWEW
