35 88
EQEEEEEEEEEWEEQEEWQEWEEEEEEEQEEEEEE
EEEEEEQEEEEEEEEEEEEEEEEEEEEEEEEEEEE
EEEEQEEEEEEEEEEEEEEWEEEEEEEEEEEEEEQ
EEEEWEEEEEEEEEEEEEEEEEEQEEEWEEEEQEW
EEEEEEEEEEEEEEEEQEEEEEEEEEEEEEEEEEE
EEEEQEEEEEEEEEEEEEEEEEEWEEEQEEEEEEE
EEQEEEEEEEEEEEEEEEEEEEEEEEEEEWEQWEE
QEEEEEWEEEQEEEEEEWEEEWQEEWQEEWEEEEQ
EWEEEQEEEWEEEEEEWQWQEWEEEEEWEEEEQEE
EEEEEEEEQEEEEEEEEEEEEEEEEEEEEEEEWEE
EEEEEEEEEEEEEEEEEEEEQEEEEEEEEEEEEEE
EEEEEEEEEEEEQEEEEEEEEWEEQEEEEEEWQEE
WEWQEEEEEEWEEEEEQEEEEEEEEEEEEEEEEEE
EEEEEEEEEEEQEEWEEEEEEQEEEEEEWEEQEEE
EEQEWWEQEEWEEEWQEEEEEEWEEEWEQEEEWEW
EEEEQEEEEEEEEEWEEEEEEEEEEQEEWEEEEEQ
EEEEEEQWEEEEEEWEEEEEEEQEEWEEEEEEQEW
EQEWEEEEEEEEEQEEEEEEEEEWEWEEEQEEEEE
EEEEEEEEEEEEEEEEEEQWWWWEEQEEEEEEWEE
EWEEEEEEEEQEEEEEEEEEEEEEEEEEEEEEEEE
QEWQWWEEEEWEEEEEWEEEEEQEEEEEEEEEEEE
EWWEEQEEEEEEEEEEEEEEEEEWEWEEEEQEEEE
WEQEWEEEEQEEEEEEEEWEEEEEEEEEQEEEEEE
QEEWEEEEEEEWEEEEEEWEEQEEEEEEEEEEWEE
EEEEEEEEEEEEEWEEQWEEEEEQEEEEEEEWQEE
EEEEEEEEEEEEEQEWEEEEEEEEEEEEEEEEEEE
EEEEQWEEEEEQEWEQWEEQEEEEEEEEEEWEEQE
EEEEEEEQEEEEEEEEEEEEEEEEEEEEEEEEWEE
EEEQEWEEEEEEWEQEWWQEEEEWEEEEEEEEEEE
EEWEEEEEEEQEEWEEQEEEEEWEEQEEEEWQEWE
EEEEEEEEEEEEQWEEEEEEEEEQEEEEEEEWEQE
EEEEEEEEEEEEEEEEEEEEEEEEEEQEEEEEEEE
EQEEEEWEEEEEEEEEEEEEQEEEEEEEEEEEEEE
EWEEEQEEEEEEEEEEWEEEEEQEEEEEEEEWEEQ
EEQEEEEEEEEEEEEEWQEEEEEEEEEEEEEWQEE
