25 91
WQWQWQEWQWWWWEEWQEWWWQEEE
EEEEWEEEEWWQWEQEWWQEEEEWQ
WWWWEWWWWWWWEEEWWWWWWEWEW
WEWWWQEWWWEQEEEWEQWWWWEEE
WEQEEWEEQWWWWEEQWWEQWWWQW
QEWEEEEEEEEEWQWWEWEEEQWWW
WEEEEQWWWEEQWEWEQWQEWWEWE
WEWQEWWWWQWWEEQWWEWWEEQWQ
EQWEWQWQWWWEEWWWWEEEQWEEE
WEWWEWWWEWEQEWEEQWWEEWEQW
WEQWQWEWWWEEEEQEWWWEEWWWW
QEWWEWQEWWQWWWEEWWWQWWEEE
EWQWWWWEEEEEQEEEEWWEEWEEQ
WEWWEWWQWQWEWWWWWWQWEEQEW
EWQWQEEWWWEEQWWEWWWEEWWEQ
WWWEWWQWWWEEWEEEEEEQEEEWW
QWWWWWWEEWEQWWWEQEWWWWWEQ
WEEEWWWQEWWWWEQWEWEWEQEWW
QWEEWWEWWWWWWEEWEWQEEWWQE
WWQEWWEWEQWQWWWQWEEWQEWWE
WWWEWEQWEWWEWWWWWQWWWEQEE
WWEEWWWWWWWEEEWWWEWEEWWEE
WQEEEWQWQWWEWWQWQEWQWQWQE
EWEQWEEEEEQWQWWWWWEEEWEEE
WQWEWEEQWWWWWEQWWEQWQWWEW
