30 79
EEEEEEQEEEEEEEEEEWQWWEEQEWQEEE
EEEQEEEEEEEWEEEEEEEEEQWEWEEEEQ
EEWEEEEEEEEEEEEQEEEEEEEEEEEEEE
EEEWEEEQEEEEWEEEEEEEEEEEEQEWEE
EEEEEQWEEQWEQWEEQWEEEEEEEEEQEE
EEQWEEEEEEEWEEEWEEEEQWQEEEWEEE
QEEEEEEEEEEEEEEEWEEEEEEEEEEEEE
EEWEEWEWEEEEEQEWEQEEEEEEEEEWEE
EEEEEEQWQWEEWEEQEWEEEEWWQEEEEE
EEQEEEEEEEEEEEWEWEEEEEEEEEWEQE
EEEEEWEEEQEEEEEEEEWQWQEEEEEWWE
EQEEEEEEWEEWWEEEEEEEEEEEEEEEQE
EEEEEEEQEEWEEEQEEEEEEEWEEEQEEE
EWEEQWWEEEEEEEWWEEWEEEEEWEEEEE
EEEEWWEEEWEEWEQEEEEEEEEEEEEEWE
EEEEEEEEQWEEEEEEEEWEQEEEEEEEWE
EEWQEEEEWEQEEEEEWEQEEEEWQEEEEE
EQEEWEEWEWEWEEEEEEEWEWEEEEEQEW
EEEWQWQEEEEWEEEQEWEEEEEEEEEEEQ
EEEEEEEEEQWEEEEEEEEEEEQWEEEEEE
WWWEEEEWEEEQEEEWEEEEEEEWWEEEWW
QWEEEEEWEEEEEEEEEQEEWEEWQEEEEE
WEEQWEWQEEEEEEEEEWEEEEEEEEEEEQ
QEEEEEWEEEWEEEEEQEWEEQEEEEEEEW
EEEEEEQWEEWEEEEEWEEEEEEEEEEWEE
WEEEEEEEEEEEEEEEEQEEEWEEEEEEQE
EEQEEEEEEWQEEEWEWEEEQEEEEEEEWE
EEEEEQWQEEEEEEEWQEEEEEEEEEWEQW
EQEEEEEEWEEEEEQEEWEEEWEQEEEEEE
EEEEQEWEQWEEQEEWWEEQWEEEEWEEEQ
