35 76
EQEEEEEEEEEWEEQEEWEEWEEQEEEEEEEEEEE
EEEEEEQEEEEEEEEEEEEEEEEEEEEEEEEEEEE
EEEEEEEEEEQEEEEEEEEWEEEEEEEEEEEEEEQ
EEQEWEEEEEEEEEEEEEEEEQEEEEEWEEEEQEW
EEEEEEEEEEEEEEEEEEEEEEEEEEEEQEEEEEE
EEEQEEEEEEEEEEEEEEEEEEEWQEEEEEEEEEE
EEEEEEEEEEEEEEEQEEEEEEEEEEEEEWEEWEE
QEEEEEWEEQEEEEEEEWQEEWEQEWEQEWEEQEE
EWEEEQEEEWEEEEEEWEWEQWEEEEEWEEEEEEQ
EEEEEEEEEEEEEEEEEEEEEEEEEEEEEEEQWEE
EQEEEEEEEEEEEEEEEEEEEEEEEEEEEEEEEEE
EEEEEEEEEEEEEEEEEEEEEWEEEQEEEEEWQEE
WEWEEEEQEEWEQEEEEEEEEEEEEEEEEEEEEEE
EEEEEEEEEEEEEEWEQEEEEEEEEEEEWEEEEQE
EEEEWWEEEEWEEQWEEEQEEEWEEEWQEEEEWEW
QEEEEEEEEEEEEEWEEEEEEQEEEEEEWEEEQEE
EEEEQEEWEEEEEEWEEQEEEEEEEWQEEEEEEEW
EEEWEEQEEEEEEEEEEEEEEEEWEWEEEEEEEEE
EEQEEEEEEEEEEEEEEEEWWWWEEQEEEEEEWEE
EWEEEEEEEEEQEEEEEEEEEEEEEEEEEEEEEEE
EEWEWWEEEEWEEEEEWEEEEEQEEEEEEEEEEEE
EWWEEEEEQEEEEEEEEEEEEEEWEWEEEEQEEEE
WEEEWEEEEEEEEEEEEEWEEEEQEEEEEEEEEEE
EEQWEEEQEEEWEEEEQEWEEEEEEEEEEQEEWEE
EEEEEEEEEEEEEWEEEWEEEEEEEEEEEEEWQEE
EEEQEEEEEEEEEEEWEEEQEEEEEEEEEEEEEEE
QEEEEWEEEQEEEWEEWEEEEEEEEEEEEEWEEEE
EEEEQEEEEEEEEEEEEEEEEEEEEEEEEEEEWEQ
EEEEEWEEEEQEWEQEWWEEEQEWEEEEEEQEEEE
EEWEEQEEEEEEEWEEQEEEEEWEEQEEEEWEEWE
EEEEEEEEEEEQEWEEEEEEQEEEEEEEEEEWEQE
EEEEEEEEEEEEEEEEEEEEEEEEEEEEEEEQEEE
EQEEEEWEEEEEEEEEEEEEEEEQEEEEEEEEEEE
EWEEEEQEEEEEEEEEWEEEEEEEEEEEQEEWQEE
EEQEEEEEEEEEEEEEWEEEEEQEEEEEEEEWEEE
