25 92
WEWQWQEWEWWWWEEWQEWWWQEEE
EQEEWEEQEWWQWEQEWWQEEEEWQ
WWWWQWWWWWWWEEEWWWWWWEWEW
WEWWWEEWWWEQEEEWEQWWWWEQE
WEQEEWEEQWWWWEEQWWEQWWWEW
QEWEEEQEEEEEWEWWEWEEEQWWW
WEEQEEWWWEEQWEWQEWQEWWEWE
WEWEEWWWWQWWEQEWWEWWQEEWQ
QEWEWEWQWWWQEWWWWQEEEWQEE
WEWWQWWWEWEEEWQEEWWQEWEEW
WQEWEWEWWWEEQEEEWWWEEWWWW
EEWWEWQEWWQWWWEQWWWEWWEEQ
EWQWWWWEEEEEQEEEEWWEQWQEE
WEWWEWWQWQWEWWWWWWQWEEEEW
EWQWQEEWWWEEQWWQWWWEEWWQE
WWWEWWEWWWQEWEEEEEQEEEEWW
QWWWWWWQEWEEWWWEQEWWWWWEQ
WEEQWWWEEWWWWEQWEWEWEQEWW
QWEEWWQWWWWWWEEWEWQEEWWQE
WWQEWWEWQEWQWWWQWEEWEQWWE
WWWEWQEWEWWEWWWWWQWWWEEEQ
WWQEWWWWWWWEQEWWWEWQEWWEE
WEEEQWQWQWWEWWQWQEWEWQWQE
EWEEWEEEEEEWQWWWWWQEEWEEE
WQWEWEEQWWWWWEQWWEEWQWWEW
