30 90
EEEEEEEEEEQEEEEEEWEWWQEEEWQEEE
EEEQEEEEEEEWEEQEEEEEEEWEWEEEEE
EEWEEEQEEEEEEEEEEEEEEEEEEEEEEE
EEEWEEEEEQEEWEEEEQEEEEEEEEEWEE
EEQEEEWEEEWQEWEQEWEEEEEEEEEQEE
EEEWEQEEEEEWEQEWEEEEQWQEEEWEEE
EEEEEEEQEEEEEEEEWEEEEEEEEEEEEE
EQWEEWEWEEQEEEEWEEEEEEEEEEQWQE
EEEQEEEWQWEEWEEEQWQEEEWWEEEEEE
EEEEEEQEEEEEEEWEWEEEEEEEEEWQEE
EEQEEWEEEEEEQEEEEEWEWEEEQEEWWE
EEEEEEEEWEEWWEEEEEEEEEEEEEEEQE
EEEEEEEQEEWEEEEEEEEQEEWEEQEEEE
EWEEQWWEEEEEQEWWEEWEEEQEWEEEEE
EQEEWWQEEWEEWEEEEEQEEEEEEEEEWQ
EEEEEEEEQWEEEEEEQEWEEEEEEEEQWE
EEWEEQEEWEQEEEEEWEQEEEEWQEEEEE
EEQEWEEWEWEWEEEEEEEWQWEEEEEEQW
QEEWQWEEEQEWEEQEEWEEEEEQEEEEEE
EEEEEEEQEEWEEEEEQEEEEEEWEEEEEQ
WWWEEEEWEEQEEEEWEEEQEEEWWEQEWW
QWEQEEEWEEEEEEEEEEEEWEEWEEEEEE
WEEEWQWQEEEEEEEEEWEEEEEEEEEEEQ
QEEEEEWEEEWEEEEQEEWEEQEEEEEEEW
EEEEQEEWEEWQEEEEWEQEEEEEEEEWQE
WEEEEEEEEEEEEEEEEEEEEWEEQEEEEE
QEEEEEEEEWQEEEWEWQEEEEEEEEEEWQ
EEEEEEWEQEEEEEEWEEEEQEEEEEWQEW
EEEEEEEEWEEEEEQEEWEEEWEQEEEEEE
EEQEEEWQEWEEQEEWWQEEWQEEEWEEQE
