35 83
EEEEQEEEEEEWEEEEEWQEWEEEEEEEEEEEQEE
EEEEEEEEEEEEEEEEEEEEEEEQEEEEEEEEEEE
EQEEEEEEEEEEEEEEEEEWEEEEEEEEEQEEEEE
EEEQWEEEEEEEEEEEEQEEEEEEEEEWEEEEEEW
EEEEEEEEEEEEQEEEEEEEEEEEEEEEEEEEEEE
EEEEEEQEEEEEEEEEEEEEEEEWEQEEEEEEEEE
EEEEQEEEEEEEEEEEEEEEEEEEEEEEEWEQWEQ
QEEEEEWEEEQEEEEEEWEEQWQEEWEEQWEEEEE
EWEEEEEQEWEEEEQEWQWEEWEEQEEWEEQEEEE
EEEEEQEEEEEEEEEEEEEEEEEEEEEEEEEEWQE
EEEEEEEEEEEEEEEEEEQEEEEEEEEEEEEEEEE
EEQEEEEEEEEEEEEEEEEEEWEQEEEEEEEWEEE
WEWEEEEEEEWEEEEEEEEEEEEEEEEEEEEEEEE
EEEEEEEEEEQEEEWEEEEEEEEEEEQEWEEQEEE
QEEEWWEEQEWEEEWEEEEEEQWEEEWEQEEEWEW
EEEEQEEEEEEEEEWEEEEEEEEEEQEEWEEEEEQ
EQEEEEEWEEEQEEWEQEEEEEEEEWEQEEEEEEW
EEEWEEEEEEEEEEEEEEEQEEEWEWEEEQEEEEE
EEQEEEEEEEEEEEEEEEEWWWWQEEEEEEEEWEE
EWEEEEEEEEEEEEEEEEEEEEEEEEEEEEEEQEE
EQWQWWQEEEWEEEEEWEEEEEQEEEEEEEEEEEE
EWWEEEEEEEEEEEEEEEEQEEEWEWEEEEEEEEE
WEQEWEEEEEEEEEQEEEWEEEEQEEEEEEEEEEE
EEEWEQEEEEEWEEEEQEWEEEEEEEEEEEEEWEE
EQEEEEEEEEEEEWEEEWEEEEEEEEEEQEEWEEE
EEEEEEEEEEEEEQEWEEEEEEEEEEEEEEEEEEQ
EEEEQWEQEEEEEWEQWEEEEQEEEEEEEEWEQEE
EEEEEEEEEEEEEEEEEEEEEEEEEEEEEEQEWEE
EEEQEWEEEEEEWEEEWWEEEEEWEEEEEEEEEEE
QEWEEEEEEEEEEWEEQEEEEEWEEQEEEEWQEWE
EEEEEEEEEQEEEWEEEEQEEEEEEEEEEEEWEEE
EEEEEEEEEEEEEEEEEEEEEEEEEEEEEEQEEEE
EEEEEQWEEEEEEEEEEEEEEEEEEEEEEEEEEQE
EWEEEEEEEEEEEQEEWEEEEEEQEEEEEEEWEEE
EEEEEEEEEEQEEEEEWQEEEEEEEEEEEEEWQEE
